<?xml version="1.0" encoding="UTF-8"?>
<!-- Generated by org.testng.reporters.JUnitReportReporter -->
<testsuite hostname="INsaikrisv.local" name="com.test.appium.dryrun.WordPressAndroidTest" tests="1" failures="0" timestamp="29 Aug 2015 12:15:34 GMT" time="15.355" errors="0">
  <testcase name="testParallel" time="15.355" classname="com.test.appium.dryrun.WordPressAndroidTest"/>
</testsuite> <!-- com.test.appium.dryrun.WordPressAndroidTest -->
